<?xml version="1.0" encoding="UTF-8"?>
<coverage generated="1788861118526" clover="3.2.0">
  <project timestamp="1788861118526" name="All files">
    <metrics statements="88" coveredstatements="88" conditionals="57" coveredconditionals="57" methods="17" coveredmethods="17" elements="162" coveredelements="162" complexity="0" loc="88" ncloc="88" packages="1" files="6" classes="6"/>
    <file name="financialFitness.js" path="C:\Users\rhawaldar\Desktop\career-fit\src\modules\financialFitness.js">
      <metrics statements="13" coveredstatements="13" conditionals="16" coveredconditionals="16" methods="2" coveredmethods="2"/>
      <line num="1" count="1" type="stmt"/>
      <line num="10" count="9" type="cond" truecount="5" falsecount="0"/>
      <line num="11" count="2" type="stmt"/>
      <line num="13" count="7" type="cond" truecount="5" falsecount="0"/>
      <line num="14" count="3" type="stmt"/>
      <line num="17" count="4" type="stmt"/>
      <line num="18" count="4" type="stmt"/>
      <line num="19" count="4" type="stmt"/>
      <line num="21" count="4" type="stmt"/>
      <line num="25" count="12" type="cond" truecount="2" falsecount="0"/>
      <line num="26" count="9" type="cond" truecount="2" falsecount="0"/>
      <line num="27" count="6" type="cond" truecount="2" falsecount="0"/>
      <line num="28" count="3" type="stmt"/>
    </file>
    <file name="grokClient.js" path="C:\Users\rhawaldar\Desktop\career-fit\src\modules\grokClient.js">
      <metrics statements="18" coveredstatements="18" conditionals="10" coveredconditionals="10" methods="3" coveredmethods="3"/>
      <line num="2" count="2" type="stmt"/>
      <line num="17" count="5" type="stmt"/>
      <line num="37" count="6" type="stmt"/>
      <line num="38" count="6" type="stmt"/>
      <line num="40" count="6" type="cond" truecount="4" falsecount="0"/>
      <line num="41" count="1" type="stmt"/>
      <line num="44" count="5" type="stmt"/>
      <line num="45" count="5" type="stmt"/>
      <line num="47" count="5" type="stmt"/>
      <line num="48" count="5" type="stmt"/>
      <line num="65" count="3" type="cond" truecount="2" falsecount="0"/>
      <line num="66" count="1" type="stmt"/>
      <line num="69" count="2" type="stmt"/>
      <line num="70" count="2" type="stmt"/>
      <line num="71" count="6" type="cond" truecount="2" falsecount="0"/>
      <line num="72" count="1" type="stmt"/>
      <line num="74" count="1" type="stmt"/>
      <line num="76" count="5" type="stmt"/>
    </file>
    <file name="itRoles.js" path="C:\Users\rhawaldar\Desktop\career-fit\src\modules\itRoles.js">
      <metrics statements="2" coveredstatements="2" conditionals="0" coveredconditionals="0" methods="2" coveredmethods="2"/>
      <line num="5" count="1" type="stmt"/>
      <line num="349" count="29" type="stmt"/>
    </file>
    <file name="recommendationEngine.js" path="C:\Users\rhawaldar\Desktop\career-fit\src\modules\recommendationEngine.js">
      <metrics statements="5" coveredstatements="5" conditionals="0" coveredconditionals="0" methods="1" coveredmethods="1"/>
      <line num="11" count="2" type="stmt"/>
      <line num="12" count="2" type="stmt"/>
      <line num="13" count="1" type="stmt"/>
      <line num="15" count="1" type="stmt"/>
      <line num="19" count="1" type="stmt"/>
    </file>
    <file name="recommendations.js" path="C:\Users\rhawaldar\Desktop\career-fit\src\modules\recommendations.js">
      <metrics statements="15" coveredstatements="15" conditionals="14" coveredconditionals="14" methods="2" coveredmethods="2"/>
      <line num="2" count="2" type="stmt"/>
      <line num="8" count="2" type="stmt"/>
      <line num="22" count="11" type="cond" truecount="4" falsecount="0"/>
      <line num="23" count="1" type="stmt"/>
      <line num="25" count="10" type="stmt"/>
      <line num="26" count="10" type="cond" truecount="2" falsecount="0"/>
      <line num="27" count="11" type="stmt"/>
      <line num="39" count="14" type="stmt"/>
      <line num="40" count="14" type="stmt"/>
      <line num="42" count="14" type="cond" truecount="4" falsecount="0"/>
      <line num="43" count="2" type="stmt"/>
      <line num="45" count="12" type="cond" truecount="4" falsecount="0"/>
      <line num="46" count="1" type="stmt"/>
      <line num="49" count="11" type="stmt"/>
      <line num="51" count="11" type="stmt"/>
    </file>
    <file name="scoring.js" path="C:\Users\rhawaldar\Desktop\career-fit\src\modules\scoring.js">
      <metrics statements="35" coveredstatements="35" conditionals="17" coveredconditionals="17" methods="7" coveredmethods="7"/>
      <line num="5" count="1" type="stmt"/>
      <line num="12" count="1" type="stmt"/>
      <line num="13" count="1" type="stmt"/>
      <line num="14" count="1" type="stmt"/>
      <line num="16" count="1" type="stmt"/>
      <line num="17" count="1" type="stmt"/>
      <line num="24" count="1" type="stmt"/>
      <line num="25" count="1" type="stmt"/>
      <line num="34" count="27" type="cond" truecount="5" falsecount="0"/>
      <line num="35" count="2" type="stmt"/>
      <line num="37" count="25" type="stmt"/>
      <line num="53" count="12" type="cond" truecount="4" falsecount="0"/>
      <line num="54" count="2" type="stmt"/>
      <line num="57" count="10" type="stmt"/>
      <line num="58" count="10" type="cond" truecount="2" falsecount="0"/>
      <line num="59" count="1" type="stmt"/>
      <line num="62" count="9" type="cond" truecount="2" falsecount="0"/>
      <line num="63" count="1" type="stmt"/>
      <line num="66" count="8" type="stmt"/>
      <line num="67" count="80" type="stmt"/>
      <line num="68" count="80" type="stmt"/>
      <line num="69" count="8" type="stmt"/>
      <line num="71" count="8" type="stmt"/>
      <line num="72" count="8" type="stmt"/>
      <line num="73" count="8" type="stmt"/>
      <line num="74" count="8" type="stmt"/>
      <line num="75" count="8" type="stmt"/>
      <line num="77" count="8" type="stmt"/>
      <line num="86" count="8" type="stmt"/>
      <line num="91" count="8" type="stmt"/>
      <line num="95" count="17" type="stmt"/>
      <line num="96" count="43" type="stmt"/>
      <line num="102" count="6" type="cond" truecount="2" falsecount="0"/>
      <line num="103" count="4" type="cond" truecount="2" falsecount="0"/>
      <line num="104" count="2" type="stmt"/>
    </file>
  </project>
</coverage>
