{"C:\\Users\\rhawaldar\\Desktop\\career-fit\\src\\modules\\financialFitness.js": {"path":"C:\\Users\\rhawaldar\\Desktop\\career-fit\\src\\modules\\financialFitness.js","statementMap":{"0":{"start":{"line":1,"column":30},"end":{"line":1,"column":31}},"1":{"start":{"line":10,"column":2},"end":{"line":12,"column":3}},"2":{"start":{"line":11,"column":4},"end":{"line":11,"column":61}},"3":{"start":{"line":13,"column":2},"end":{"line":15,"column":3}},"4":{"start":{"line":14,"column":4},"end":{"line":14,"column":65}},"5":{"start":{"line":17,"column":17},"end":{"line":17,"column":42}},"6":{"start":{"line":18,"column":16},"end":{"line":18,"column":81}},"7":{"start":{"line":19,"column":17},"end":{"line":19,"column":43}},"8":{"start":{"line":21,"column":2},"end":{"line":21,"column":35}},"9":{"start":{"line":25,"column":2},"end":{"line":25,"column":36}},"10":{"start":{"line":25,"column":18},"end":{"line":25,"column":36}},"11":{"start":{"line":26,"column":2},"end":{"line":26,"column":35}},"12":{"start":{"line":26,"column":18},"end":{"line":26,"column":35}},"13":{"start":{"line":27,"column":2},"end":{"line":27,"column":36}},"14":{"start":{"line":27,"column":18},"end":{"line":27,"column":36}},"15":{"start":{"line":28,"column":2},"end":{"line":28,"column":18}}},"fnMap":{"0":{"name":"calculateEmergencyFund","decl":{"start":{"line":9,"column":16},"end":{"line":9,"column":38}},"loc":{"start":{"line":9,"column":65},"end":{"line":22,"column":1}},"line":9},"1":{"name":"getFinancialRating","decl":{"start":{"line":24,"column":16},"end":{"line":24,"column":34}},"loc":{"start":{"line":24,"column":43},"end":{"line":29,"column":1}},"line":24}},"branchMap":{"0":{"loc":{"start":{"line":10,"column":2},"end":{"line":12,"column":3}},"type":"if","locations":[{"start":{"line":10,"column":2},"end":{"line":12,"column":3}},{"start":{},"end":{}}],"line":10},"1":{"loc":{"start":{"line":10,"column":6},"end":{"line":10,"column":73}},"type":"binary-expr","locations":[{"start":{"line":10,"column":6},"end":{"line":10,"column":33}},{"start":{"line":10,"column":37},"end":{"line":10,"column":58}},{"start":{"line":10,"column":62},"end":{"line":10,"column":73}}],"line":10},"2":{"loc":{"start":{"line":13,"column":2},"end":{"line":15,"column":3}},"type":"if","locations":[{"start":{"line":13,"column":2},"end":{"line":15,"column":3}},{"start":{},"end":{}}],"line":13},"3":{"loc":{"start":{"line":13,"column":6},"end":{"line":13,"column":98}},"type":"binary-expr","locations":[{"start":{"line":13,"column":6},"end":{"line":13,"column":41}},{"start":{"line":13,"column":45},"end":{"line":13,"column":74}},{"start":{"line":13,"column":78},"end":{"line":13,"column":98}}],"line":13},"4":{"loc":{"start":{"line":25,"column":2},"end":{"line":25,"column":36}},"type":"if","locations":[{"start":{"line":25,"column":2},"end":{"line":25,"column":36}},{"start":{},"end":{}}],"line":25},"5":{"loc":{"start":{"line":26,"column":2},"end":{"line":26,"column":35}},"type":"if","locations":[{"start":{"line":26,"column":2},"end":{"line":26,"column":35}},{"start":{},"end":{}}],"line":26},"6":{"loc":{"start":{"line":27,"column":2},"end":{"line":27,"column":36}},"type":"if","locations":[{"start":{"line":27,"column":2},"end":{"line":27,"column":36}},{"start":{},"end":{}}],"line":27}},"s":{"0":1,"1":9,"2":2,"3":7,"4":3,"5":4,"6":4,"7":4,"8":4,"9":12,"10":3,"11":9,"12":3,"13":6,"14":3,"15":3},"f":{"0":9,"1":12},"b":{"0":[2,7],"1":[9,8,8],"2":[3,4],"3":[7,7,6],"4":[3,9],"5":[3,6],"6":[3,3]},"meta":{"lastBranch":7,"lastFunction":2,"lastStatement":16,"seen":{"s:1:30:1:31":0,"f:9:16:9:38":0,"b:10:2:12:3:undefined:undefined:undefined:undefined":0,"s:10:2:12:3":1,"b:10:6:10:33:10:37:10:58:10:62:10:73":1,"s:11:4:11:61":2,"b:13:2:15:3:undefined:undefined:undefined:undefined":2,"s:13:2:15:3":3,"b:13:6:13:41:13:45:13:74:13:78:13:98":3,"s:14:4:14:65":4,"s:17:17:17:42":5,"s:18:16:18:81":6,"s:19:17:19:43":7,"s:21:2:21:35":8,"f:24:16:24:34":1,"b:25:2:25:36:undefined:undefined:undefined:undefined":4,"s:25:2:25:36":9,"s:25:18:25:36":10,"b:26:2:26:35:undefined:undefined:undefined:undefined":5,"s:26:2:26:35":11,"s:26:18:26:35":12,"b:27:2:27:36:undefined:undefined:undefined:undefined":6,"s:27:2:27:36":13,"s:27:18:27:36":14,"s:28:2:28:18":15},"fnNames":{}}}
,"C:\\Users\\rhawaldar\\Desktop\\career-fit\\src\\modules\\grokClient.js": {"path":"C:\\Users\\rhawaldar\\Desktop\\career-fit\\src\\modules\\grokClient.js","statementMap":{"0":{"start":{"line":2,"column":2},"end":{"line":6,"column":95}},"1":{"start":{"line":17,"column":2},"end":{"line":25,"column":5}},"2":{"start":{"line":37,"column":17},"end":{"line":37,"column":50}},"3":{"start":{"line":38,"column":17},"end":{"line":38,"column":50}},"4":{"start":{"line":40,"column":2},"end":{"line":42,"column":3}},"5":{"start":{"line":41,"column":4},"end":{"line":41,"column":99}},"6":{"start":{"line":44,"column":21},"end":{"line":44,"column":42}},"7":{"start":{"line":45,"column":16},"end":{"line":45,"column":63}},"8":{"start":{"line":45,"column":33},"end":{"line":45,"column":51}},"9":{"start":{"line":47,"column":2},"end":{"line":77,"column":3}},"10":{"start":{"line":48,"column":21},"end":{"line":63,"column":6}},"11":{"start":{"line":65,"column":4},"end":{"line":67,"column":5}},"12":{"start":{"line":66,"column":6},"end":{"line":66,"column":75}},"13":{"start":{"line":69,"column":17},"end":{"line":69,"column":38}},"14":{"start":{"line":70,"column":17},"end":{"line":70,"column":53}},"15":{"start":{"line":71,"column":4},"end":{"line":73,"column":5}},"16":{"start":{"line":72,"column":6},"end":{"line":72,"column":79}},"17":{"start":{"line":74,"column":4},"end":{"line":74,"column":23}},"18":{"start":{"line":76,"column":4},"end":{"line":76,"column":24}}},"fnMap":{"0":{"name":"buildUserPrompt","decl":{"start":{"line":8,"column":9},"end":{"line":8,"column":24}},"loc":{"start":{"line":16,"column":3},"end":{"line":26,"column":1}},"line":16},"1":{"name":"fetchPersonalizedRecommendation","decl":{"start":{"line":36,"column":22},"end":{"line":36,"column":53}},"loc":{"start":{"line":36,"column":90},"end":{"line":78,"column":1}},"line":36},"2":{"name":"(anonymous_2)","decl":{"start":{"line":45,"column":27},"end":{"line":45,"column":28}},"loc":{"start":{"line":45,"column":33},"end":{"line":45,"column":51}},"line":45}},"branchMap":{"0":{"loc":{"start":{"line":36,"column":63},"end":{"line":36,"column":88}},"type":"default-arg","locations":[{"start":{"line":36,"column":86},"end":{"line":36,"column":88}}],"line":36},"1":{"loc":{"start":{"line":36,"column":65},"end":{"line":36,"column":81}},"type":"default-arg","locations":[{"start":{"line":36,"column":77},"end":{"line":36,"column":81}}],"line":36},"2":{"loc":{"start":{"line":40,"column":2},"end":{"line":42,"column":3}},"type":"if","locations":[{"start":{"line":40,"column":2},"end":{"line":42,"column":3}},{"start":{},"end":{}}],"line":40},"3":{"loc":{"start":{"line":40,"column":6},"end":{"line":40,"column":24}},"type":"binary-expr","locations":[{"start":{"line":40,"column":6},"end":{"line":40,"column":13}},{"start":{"line":40,"column":17},"end":{"line":40,"column":24}}],"line":40},"4":{"loc":{"start":{"line":65,"column":4},"end":{"line":67,"column":5}},"type":"if","locations":[{"start":{"line":65,"column":4},"end":{"line":67,"column":5}},{"start":{},"end":{}}],"line":65},"5":{"loc":{"start":{"line":71,"column":4},"end":{"line":73,"column":5}},"type":"if","locations":[{"start":{"line":71,"column":4},"end":{"line":73,"column":5}},{"start":{},"end":{}}],"line":71}},"s":{"0":2,"1":5,"2":6,"3":6,"4":6,"5":1,"6":5,"7":5,"8":1,"9":5,"10":5,"11":3,"12":1,"13":2,"14":2,"15":6,"16":1,"17":1,"18":5},"f":{"0":5,"1":6,"2":1},"b":{"0":[6],"1":[6],"2":[1,5],"3":[6,5],"4":[1,2],"5":[1,5]},"meta":{"lastBranch":6,"lastFunction":3,"lastStatement":19,"seen":{"s:2:2:6:95":0,"f:8:9:8:24":0,"s:17:2:25:5":1,"f:36:22:36:53":1,"b:36:86:36:88":0,"b:36:77:36:81":1,"s:37:17:37:50":2,"s:38:17:38:50":3,"b:40:2:42:3:undefined:undefined:undefined:undefined":2,"s:40:2:42:3":4,"b:40:6:40:13:40:17:40:24":3,"s:41:4:41:99":5,"s:44:21:44:42":6,"s:45:16:45:63":7,"f:45:27:45:28":2,"s:45:33:45:51":8,"s:47:2:77:3":9,"s:48:21:63:6":10,"b:65:4:67:5:undefined:undefined:undefined:undefined":4,"s:65:4:67:5":11,"s:66:6:66:75":12,"s:69:17:69:38":13,"s:70:17:70:53":14,"b:71:4:73:5:undefined:undefined:undefined:undefined":5,"s:71:4:73:5":15,"s:72:6:72:79":16,"s:74:4:74:23":17,"s:76:4:76:24":18},"fnNames":{}}}
,"C:\\Users\\rhawaldar\\Desktop\\career-fit\\src\\modules\\itRoles.js": {"path":"C:\\Users\\rhawaldar\\Desktop\\career-fit\\src\\modules\\itRoles.js","statementMap":{"0":{"start":{"line":5,"column":24},"end":{"line":346,"column":1}},"1":{"start":{"line":349,"column":2},"end":{"line":349,"column":53}},"2":{"start":{"line":349,"column":33},"end":{"line":349,"column":51}}},"fnMap":{"0":{"name":"getRoleById","decl":{"start":{"line":348,"column":16},"end":{"line":348,"column":27}},"loc":{"start":{"line":348,"column":36},"end":{"line":350,"column":1}},"line":348},"1":{"name":"(anonymous_1)","decl":{"start":{"line":349,"column":23},"end":{"line":349,"column":24}},"loc":{"start":{"line":349,"column":33},"end":{"line":349,"column":51}},"line":349}},"branchMap":{},"s":{"0":1,"1":10,"2":29},"f":{"0":10,"1":29},"b":{},"meta":{"lastBranch":0,"lastFunction":2,"lastStatement":3,"seen":{"s:5:24:346:1":0,"f:348:16:348:27":0,"s:349:2:349:53":1,"f:349:23:349:24":1,"s:349:33:349:51":2},"fnNames":{}}}
,"C:\\Users\\rhawaldar\\Desktop\\career-fit\\src\\modules\\recommendationEngine.js": {"path":"C:\\Users\\rhawaldar\\Desktop\\career-fit\\src\\modules\\recommendationEngine.js","statementMap":{"0":{"start":{"line":11,"column":2},"end":{"line":20,"column":3}},"1":{"start":{"line":12,"column":17},"end":{"line":12,"column":63}},"2":{"start":{"line":13,"column":4},"end":{"line":13,"column":34}},"3":{"start":{"line":15,"column":17},"end":{"line":18,"column":6}},"4":{"start":{"line":19,"column":4},"end":{"line":19,"column":40}}},"fnMap":{"0":{"name":"getRecommendation","decl":{"start":{"line":10,"column":22},"end":{"line":10,"column":39}},"loc":{"start":{"line":10,"column":49},"end":{"line":21,"column":1}},"line":10}},"branchMap":{},"s":{"0":2,"1":2,"2":1,"3":1,"4":1},"f":{"0":2},"b":{},"meta":{"lastBranch":0,"lastFunction":1,"lastStatement":5,"seen":{"f:10:22:10:39":0,"s:11:2:20:3":0,"s:12:17:12:63":1,"s:13:4:13:34":2,"s:15:17:18:6":3,"s:19:4:19:40":4},"fnNames":{}}}
,"C:\\Users\\rhawaldar\\Desktop\\career-fit\\src\\modules\\recommendations.js": {"path":"C:\\Users\\rhawaldar\\Desktop\\career-fit\\src\\modules\\recommendations.js","statementMap":{"0":{"start":{"line":2,"column":22},"end":{"line":6,"column":1}},"1":{"start":{"line":8,"column":25},"end":{"line":13,"column":1}},"2":{"start":{"line":22,"column":2},"end":{"line":24,"column":3}},"3":{"start":{"line":23,"column":4},"end":{"line":23,"column":123}},"4":{"start":{"line":25,"column":14},"end":{"line":25,"column":50}},"5":{"start":{"line":26,"column":17},"end":{"line":26,"column":65}},"6":{"start":{"line":27,"column":2},"end":{"line":27,"column":112}},"7":{"start":{"line":39,"column":21},"end":{"line":39,"column":46}},"8":{"start":{"line":40,"column":24},"end":{"line":40,"column":57}},"9":{"start":{"line":42,"column":2},"end":{"line":44,"column":3}},"10":{"start":{"line":43,"column":4},"end":{"line":43,"column":98}},"11":{"start":{"line":45,"column":2},"end":{"line":47,"column":3}},"12":{"start":{"line":46,"column":4},"end":{"line":46,"column":64}},"13":{"start":{"line":49,"column":23},"end":{"line":49,"column":94}},"14":{"start":{"line":51,"column":2},"end":{"line":51,"column":58}}},"fnMap":{"0":{"name":"buildSkillGapSentence","decl":{"start":{"line":21,"column":9},"end":{"line":21,"column":30}},"loc":{"start":{"line":21,"column":57},"end":{"line":28,"column":1}},"line":21},"1":{"name":"getFallbackRecommendation","decl":{"start":{"line":38,"column":16},"end":{"line":38,"column":41}},"loc":{"start":{"line":38,"column":84},"end":{"line":52,"column":1}},"line":38}},"branchMap":{"0":{"loc":{"start":{"line":22,"column":2},"end":{"line":24,"column":3}},"type":"if","locations":[{"start":{"line":22,"column":2},"end":{"line":24,"column":3}},{"start":{},"end":{}}],"line":22},"1":{"loc":{"start":{"line":22,"column":6},"end":{"line":22,"column":50}},"type":"binary-expr","locations":[{"start":{"line":22,"column":6},"end":{"line":22,"column":20}},{"start":{"line":22,"column":24},"end":{"line":22,"column":50}}],"line":22},"2":{"loc":{"start":{"line":26,"column":17},"end":{"line":26,"column":65}},"type":"cond-expr","locations":[{"start":{"line":26,"column":44},"end":{"line":26,"column":60}},{"start":{"line":26,"column":63},"end":{"line":26,"column":65}}],"line":26},"3":{"loc":{"start":{"line":42,"column":2},"end":{"line":44,"column":3}},"type":"if","locations":[{"start":{"line":42,"column":2},"end":{"line":44,"column":3}},{"start":{},"end":{}}],"line":42},"4":{"loc":{"start":{"line":42,"column":6},"end":{"line":42,"column":35}},"type":"binary-expr","locations":[{"start":{"line":42,"column":6},"end":{"line":42,"column":17}},{"start":{"line":42,"column":21},"end":{"line":42,"column":35}}],"line":42},"5":{"loc":{"start":{"line":45,"column":2},"end":{"line":47,"column":3}},"type":"if","locations":[{"start":{"line":45,"column":2},"end":{"line":47,"column":3}},{"start":{},"end":{}}],"line":45},"6":{"loc":{"start":{"line":45,"column":6},"end":{"line":45,"column":44}},"type":"binary-expr","locations":[{"start":{"line":45,"column":6},"end":{"line":45,"column":18}},{"start":{"line":45,"column":22},"end":{"line":45,"column":44}}],"line":45}},"s":{"0":2,"1":2,"2":11,"3":1,"4":10,"5":10,"6":11,"7":14,"8":14,"9":14,"10":2,"11":12,"12":1,"13":11,"14":11},"f":{"0":11,"1":14},"b":{"0":[1,10],"1":[11,11],"2":[9,1],"3":[2,12],"4":[14,13],"5":[1,11],"6":[12,11]},"meta":{"lastBranch":7,"lastFunction":2,"lastStatement":15,"seen":{"s:2:22:6:1":0,"s:8:25:13:1":1,"f:21:9:21:30":0,"b:22:2:24:3:undefined:undefined:undefined:undefined":0,"s:22:2:24:3":2,"b:22:6:22:20:22:24:22:50":1,"s:23:4:23:123":3,"s:25:14:25:50":4,"s:26:17:26:65":5,"b:26:44:26:60:26:63:26:65":2,"s:27:2:27:112":6,"f:38:16:38:41":1,"s:39:21:39:46":7,"s:40:24:40:57":8,"b:42:2:44:3:undefined:undefined:undefined:undefined":3,"s:42:2:44:3":9,"b:42:6:42:17:42:21:42:35":4,"s:43:4:43:98":10,"b:45:2:47:3:undefined:undefined:undefined:undefined":5,"s:45:2:47:3":11,"b:45:6:45:18:45:22:45:44":6,"s:46:4:46:64":12,"s:49:23:49:94":13,"s:51:2:51:58":14},"fnNames":{}}}
,"C:\\Users\\rhawaldar\\Desktop\\career-fit\\src\\modules\\scoring.js": {"path":"C:\\Users\\rhawaldar\\Desktop\\career-fit\\src\\modules\\scoring.js","statementMap":{"0":{"start":{"line":5,"column":16},"end":{"line":11,"column":1}},"1":{"start":{"line":12,"column":26},"end":{"line":12,"column":28}},"2":{"start":{"line":13,"column":29},"end":{"line":13,"column":30}},"3":{"start":{"line":14,"column":25},"end":{"line":14,"column":26}},"4":{"start":{"line":16,"column":33},"end":{"line":16,"column":114}},"5":{"start":{"line":17,"column":34},"end":{"line":23,"column":1}},"6":{"start":{"line":24,"column":30},"end":{"line":24,"column":117}},"7":{"start":{"line":25,"column":35},"end":{"line":31,"column":1}},"8":{"start":{"line":34,"column":2},"end":{"line":36,"column":3}},"9":{"start":{"line":35,"column":4},"end":{"line":35,"column":94}},"10":{"start":{"line":37,"column":2},"end":{"line":37,"column":52}},"11":{"start":{"line":53,"column":2},"end":{"line":55,"column":3}},"12":{"start":{"line":54,"column":4},"end":{"line":54,"column":49}},"13":{"start":{"line":57,"column":15},"end":{"line":57,"column":42}},"14":{"start":{"line":58,"column":2},"end":{"line":60,"column":3}},"15":{"start":{"line":59,"column":4},"end":{"line":59,"column":58}},"16":{"start":{"line":62,"column":2},"end":{"line":64,"column":3}},"17":{"start":{"line":63,"column":4},"end":{"line":63,"column":54}},"18":{"start":{"line":66,"column":19},"end":{"line":66,"column":49}},"19":{"start":{"line":67,"column":26},"end":{"line":67,"column":82}},"20":{"start":{"line":67,"column":59},"end":{"line":67,"column":81}},"21":{"start":{"line":68,"column":28},"end":{"line":68,"column":85}},"22":{"start":{"line":68,"column":61},"end":{"line":68,"column":84}},"23":{"start":{"line":69,"column":22},"end":{"line":69,"column":98}},"24":{"start":{"line":71,"column":27},"end":{"line":71,"column":113}},"25":{"start":{"line":72,"column":28},"end":{"line":72,"column":113}},"26":{"start":{"line":73,"column":24},"end":{"line":73,"column":97}},"27":{"start":{"line":74,"column":29},"end":{"line":74,"column":117}},"28":{"start":{"line":75,"column":23},"end":{"line":75,"column":47}},"29":{"start":{"line":77,"column":20},"end":{"line":84,"column":3}},"30":{"start":{"line":86,"column":16},"end":{"line":89,"column":3}},"31":{"start":{"line":91,"column":2},"end":{"line":98,"column":4}},"32":{"start":{"line":95,"column":48},"end":{"line":95,"column":59}},"33":{"start":{"line":96,"column":52},"end":{"line":96,"column":63}},"34":{"start":{"line":102,"column":2},"end":{"line":102,"column":32}},"35":{"start":{"line":102,"column":19},"end":{"line":102,"column":32}},"36":{"start":{"line":103,"column":2},"end":{"line":103,"column":35}},"37":{"start":{"line":103,"column":19},"end":{"line":103,"column":35}},"38":{"start":{"line":104,"column":2},"end":{"line":104,"column":16}}},"fnMap":{"0":{"name":"scoreLevel","decl":{"start":{"line":33,"column":9},"end":{"line":33,"column":19}},"loc":{"start":{"line":33,"column":59},"end":{"line":38,"column":1}},"line":33},"1":{"name":"scoreCareerReadiness","decl":{"start":{"line":52,"column":16},"end":{"line":52,"column":36}},"loc":{"start":{"line":52,"column":46},"end":{"line":99,"column":1}},"line":52},"2":{"name":"(anonymous_2)","decl":{"start":{"line":67,"column":48},"end":{"line":67,"column":49}},"loc":{"start":{"line":67,"column":59},"end":{"line":67,"column":81}},"line":67},"3":{"name":"(anonymous_3)","decl":{"start":{"line":68,"column":50},"end":{"line":68,"column":51}},"loc":{"start":{"line":68,"column":61},"end":{"line":68,"column":84}},"line":68},"4":{"name":"(anonymous_4)","decl":{"start":{"line":95,"column":37},"end":{"line":95,"column":38}},"loc":{"start":{"line":95,"column":48},"end":{"line":95,"column":59}},"line":95},"5":{"name":"(anonymous_5)","decl":{"start":{"line":96,"column":41},"end":{"line":96,"column":42}},"loc":{"start":{"line":96,"column":52},"end":{"line":96,"column":63}},"line":96},"6":{"name":"getCareerScoreBand","decl":{"start":{"line":101,"column":16},"end":{"line":101,"column":34}},"loc":{"start":{"line":101,"column":42},"end":{"line":105,"column":1}},"line":101}},"branchMap":{"0":{"loc":{"start":{"line":34,"column":2},"end":{"line":36,"column":3}},"type":"if","locations":[{"start":{"line":34,"column":2},"end":{"line":36,"column":3}},{"start":{},"end":{}}],"line":34},"1":{"loc":{"start":{"line":34,"column":6},"end":{"line":34,"column":63}},"type":"binary-expr","locations":[{"start":{"line":34,"column":6},"end":{"line":34,"column":30}},{"start":{"line":34,"column":34},"end":{"line":34,"column":43}},{"start":{"line":34,"column":47},"end":{"line":34,"column":63}}],"line":34},"2":{"loc":{"start":{"line":53,"column":2},"end":{"line":55,"column":3}},"type":"if","locations":[{"start":{"line":53,"column":2},"end":{"line":55,"column":3}},{"start":{},"end":{}}],"line":53},"3":{"loc":{"start":{"line":53,"column":6},"end":{"line":53,"column":45}},"type":"binary-expr","locations":[{"start":{"line":53,"column":6},"end":{"line":53,"column":14}},{"start":{"line":53,"column":18},"end":{"line":53,"column":45}}],"line":53},"4":{"loc":{"start":{"line":58,"column":2},"end":{"line":60,"column":3}},"type":"if","locations":[{"start":{"line":58,"column":2},"end":{"line":60,"column":3}},{"start":{},"end":{}}],"line":58},"5":{"loc":{"start":{"line":62,"column":2},"end":{"line":64,"column":3}},"type":"if","locations":[{"start":{"line":62,"column":2},"end":{"line":64,"column":3}},{"start":{},"end":{}}],"line":62},"6":{"loc":{"start":{"line":102,"column":2},"end":{"line":102,"column":32}},"type":"if","locations":[{"start":{"line":102,"column":2},"end":{"line":102,"column":32}},{"start":{},"end":{}}],"line":102},"7":{"loc":{"start":{"line":103,"column":2},"end":{"line":103,"column":35}},"type":"if","locations":[{"start":{"line":103,"column":2},"end":{"line":103,"column":35}},{"start":{},"end":{}}],"line":103}},"s":{"0":1,"1":1,"2":1,"3":1,"4":1,"5":1,"6":1,"7":1,"8":27,"9":2,"10":25,"11":12,"12":2,"13":10,"14":10,"15":1,"16":9,"17":1,"18":8,"19":8,"20":80,"21":8,"22":80,"23":8,"24":8,"25":8,"26":8,"27":8,"28":8,"29":8,"30":8,"31":8,"32":17,"33":43,"34":6,"35":2,"36":4,"37":2,"38":2},"f":{"0":27,"1":12,"2":80,"3":80,"4":17,"5":43,"6":6},"b":{"0":[2,25],"1":[27,27,27],"2":[2,10],"3":[12,10],"4":[1,9],"5":[1,8],"6":[2,4],"7":[2,2]},"meta":{"lastBranch":8,"lastFunction":7,"lastStatement":39,"seen":{"s:5:16:11:1":0,"s:12:26:12:28":1,"s:13:29:13:30":2,"s:14:25:14:26":3,"s:16:33:16:114":4,"s:17:34:23:1":5,"s:24:30:24:117":6,"s:25:35:31:1":7,"f:33:9:33:19":0,"b:34:2:36:3:undefined:undefined:undefined:undefined":0,"s:34:2:36:3":8,"b:34:6:34:30:34:34:34:43:34:47:34:63":1,"s:35:4:35:94":9,"s:37:2:37:52":10,"f:52:16:52:36":1,"b:53:2:55:3:undefined:undefined:undefined:undefined":2,"s:53:2:55:3":11,"b:53:6:53:14:53:18:53:45":3,"s:54:4:54:49":12,"s:57:15:57:42":13,"b:58:2:60:3:undefined:undefined:undefined:undefined":4,"s:58:2:60:3":14,"s:59:4:59:58":15,"b:62:2:64:3:undefined:undefined:undefined:undefined":5,"s:62:2:64:3":16,"s:63:4:63:54":17,"s:66:19:66:49":18,"s:67:26:67:82":19,"f:67:48:67:49":2,"s:67:59:67:81":20,"s:68:28:68:85":21,"f:68:50:68:51":3,"s:68:61:68:84":22,"s:69:22:69:98":23,"s:71:27:71:113":24,"s:72:28:72:113":25,"s:73:24:73:97":26,"s:74:29:74:117":27,"s:75:23:75:47":28,"s:77:20:84:3":29,"s:86:16:89:3":30,"s:91:2:98:4":31,"f:95:37:95:38":4,"s:95:48:95:59":32,"f:96:41:96:42":5,"s:96:52:96:63":33,"f:101:16:101:34":6,"b:102:2:102:32:undefined:undefined:undefined:undefined":6,"s:102:2:102:32":34,"s:102:19:102:32":35,"b:103:2:103:35:undefined:undefined:undefined:undefined":7,"s:103:2:103:35":36,"s:103:19:103:35":37,"s:104:2:104:16":38},"fnNames":{}}}
}
